<?xml version="1.0" encoding="UTF-8"?>
<testsuite xmlns:xsi="http://www.w3.org/2001/XMLSchema-instance" xsi:noNamespaceSchemaLocation="https://maven.apache.org/surefire/maven-surefire-plugin/xsd/surefire-test-report-3.0.xsd" version="3.0" name="com.example.demo.DemoApplicationTests" time="10.849" tests="1" errors="0" skipped="0" failures="0">
  <properties>
[...]
</properties>
  <testcase name="contextLoads" classname="com.example.demo.DemoApplicationTests" time="0.901">
    <system-out><![CDATA[15:31:48.473 [main] INFO org.springframework.test.context.support.AnnotationConfigContextLoaderUtils -- Could not detect default configuration classes for test class [com.example.demo.DemoApplicationTests]: DemoApplicationTests does not declare any static, non-private, non-final, nested classes annotated with @Configuration.
15:31:48.686 [main] INFO org.springframework.boot.test.context.SpringBootTestContextBootstrapper -- Found @SpringBootConfiguration com.example.demo.DemoApplication for test class com.example.demo.DemoApplicationTests

  .   ____          _            __ _ _
 /\\ / ___'_ __ _ _(_)_ __  __ _ \ \ \ \
( ( )\___ | '_ | '_| | '_ \/ _` | \ \ \ \
 \\/  ___)| |_)| | | | | || (_| |  ) ) ) )
  '  |____| .__|_| |_|_| |_\__, | / / / /
 =========|_|==============|___/=/_/_/_/
 :: Spring Boot ::                (v3.1.0)

2025-02-26T15:31:49.519+03:00  INFO 31480 --- [           main] com.example.demo.DemoApplicationTests    : Starting DemoApplicationTests using Java 20.0.2 with PID 31480 (started by az_me in C:\Java\Projects\Lombard)
2025-02-26T15:31:49.523+03:00  INFO 31480 --- [           main] com.example.demo.DemoApplicationTests    : No active profile set, falling back to 1 default profile: "default"
2025-02-26T15:31:50.855+03:00  INFO 31480 --- [           main] .s.d.r.c.RepositoryConfigurationDelegate : Bootstrapping Spring Data JPA repositories in DEFAULT mode.
2025-02-26T15:31:51.031+03:00  INFO 31480 --- [           main] .s.d.r.c.RepositoryConfigurationDelegate : Finished Spring Data repository scanning in 146 ms. Found 2 JPA repository interfaces.
2025-02-26T15:31:52.046+03:00  INFO 31480 --- [           main] o.hibernate.jpa.internal.util.LogHelper  : HHH000204: Processing PersistenceUnitInfo [name: default]
2025-02-26T15:31:52.172+03:00  INFO 31480 --- [           main] org.hibernate.Version                    : HHH000412: Hibernate ORM core version 6.2.2.Final
2025-02-26T15:31:52.172+03:00  INFO 31480 --- [           main] org.hibernate.cfg.Environment            : HHH000406: Using bytecode reflection optimizer
2025-02-26T15:31:52.568+03:00  INFO 31480 --- [           main] o.h.b.i.BytecodeProviderInitiator        : HHH000021: Bytecode provider name : bytebuddy
2025-02-26T15:31:52.797+03:00  INFO 31480 --- [           main] o.s.o.j.p.SpringPersistenceUnitInfo      : No LoadTimeWeaver setup: ignoring JPA class transformer
2025-02-26T15:31:52.821+03:00  INFO 31480 --- [           main] com.zaxxer.hikari.HikariDataSource       : HikariPool-1 - Starting...
2025-02-26T15:31:53.323+03:00  INFO 31480 --- [           main] com.zaxxer.hikari.pool.HikariPool        : HikariPool-1 - Added connection conn0: url=jdbc:h2:mem:testdb user=SA
2025-02-26T15:31:53.331+03:00  INFO 31480 --- [           main] com.zaxxer.hikari.HikariDataSource       : HikariPool-1 - Start completed.
2025-02-26T15:31:53.400+03:00  INFO 31480 --- [           main] org.hibernate.orm.dialect                : HHH035001: Using dialect: org.hibernate.dialect.H2Dialect, version: 2.1.214
2025-02-26T15:31:53.870+03:00  INFO 31480 --- [           main] o.h.b.i.BytecodeProviderInitiator        : HHH000021: Bytecode provider name : bytebuddy
2025-02-26T15:31:54.981+03:00  INFO 31480 --- [           main] o.h.e.t.j.p.i.JtaPlatformInitiator       : HHH000490: Using JtaPlatform implementation: [org.hibernate.engine.transaction.jta.platform.internal.NoJtaPlatform]
Hibernate: drop table if exists pawn_requests cascade 
Hibernate: drop table if exists users cascade 
Hibernate: create table pawn_requests (expected_price float(53), selling_price float(53), sold boolean, created_at timestamp(6), id bigint generated by default as identity, user_id bigint, image_url varchar(1000), admin_comment varchar(255), description varchar(255), item_name varchar(255), status varchar(255), primary key (id))
Hibernate: create table users (balance float(53) not null, id bigint generated by default as identity, email varchar(255), first_name varchar(255), last_name varchar(255), password varchar(255), role varchar(255), username varchar(255), primary key (id))
Hibernate: alter table if exists pawn_requests add constraint FKlkc0ohmarpv39mjx34j08o27p foreign key (user_id) references users
2025-02-26T15:31:55.072+03:00  INFO 31480 --- [           main] o.h.t.s.i.e.GenerationTargetToDatabase   : HHH000476: Executing script '[injected ScriptSourceInputNonExistentImpl script]'
2025-02-26T15:31:55.084+03:00  INFO 31480 --- [           main] j.LocalContainerEntityManagerFactoryBean : Initialized JPA EntityManagerFactory for persistence unit 'default'
2025-02-26T15:31:56.315+03:00  WARN 31480 --- [           main] JpaBaseConfiguration$JpaWebConfiguration : spring.jpa.open-in-view is enabled by default. Therefore, database queries may be performed during view rendering. Explicitly configure spring.jpa.open-in-view to disable this warning
2025-02-26T15:31:57.254+03:00  INFO 31480 --- [           main] o.s.b.a.h2.H2ConsoleAutoConfiguration    : H2 console available at '/h2-console'. Database available at 'jdbc:h2:mem:testdb'
2025-02-26T15:31:57.381+03:00  INFO 31480 --- [           main] com.example.demo.DemoApplicationTests    : Started DemoApplicationTests in 8.417 seconds (process running for 10.614)
Hibernate: select u1_0.id,u1_0.balance,u1_0.email,u1_0.first_name,u1_0.last_name,u1_0.password,u1_0.role,u1_0.username from users u1_0 where u1_0.username=?
Hibernate: select u1_0.id,u1_0.balance,u1_0.email,u1_0.first_name,u1_0.last_name,u1_0.password,u1_0.role,u1_0.username from users u1_0 where u1_0.username=?
Hibernate: select u1_0.id,u1_0.balance,u1_0.email,u1_0.first_name,u1_0.last_name,u1_0.password,u1_0.role,u1_0.username from users u1_0 where u1_0.username=?
Hibernate: select p1_0.id,p1_0.admin_comment,p1_0.created_at,p1_0.description,p1_0.expected_price,p1_0.image_url,p1_0.item_name,p1_0.selling_price,p1_0.sold,p1_0.status,p1_0.user_id from pawn_requests p1_0 where p1_0.status=? order by p1_0.created_at desc
Hibernate: insert into pawn_requests (admin_comment,created_at,description,expected_price,image_url,item_name,selling_price,sold,status,user_id,id) values (?,?,?,?,?,?,?,?,?,?,default)
Hibernate: select p1_0.id,p1_0.admin_comment,p1_0.created_at,p1_0.description,p1_0.expected_price,p1_0.image_url,p1_0.item_name,p1_0.selling_price,p1_0.sold,p1_0.status,u1_0.id,u1_0.balance,u1_0.email,u1_0.first_name,u1_0.last_name,u1_0.password,u1_0.role,u1_0.username from pawn_requests p1_0 left join users u1_0 on u1_0.id=p1_0.user_id where p1_0.id=?
Hibernate: select p1_0.id,p1_0.admin_comment,p1_0.created_at,p1_0.description,p1_0.expected_price,p1_0.image_url,p1_0.item_name,p1_0.selling_price,p1_0.sold,p1_0.status,u1_0.id,u1_0.balance,u1_0.email,u1_0.first_name,u1_0.last_name,u1_0.password,u1_0.role,u1_0.username from pawn_requests p1_0 left join users u1_0 on u1_0.id=p1_0.user_id where p1_0.id=?
Hibernate: update pawn_requests set admin_comment=?,created_at=?,description=?,expected_price=?,image_url=?,item_name=?,selling_price=?,sold=?,status=?,user_id=? where id=?
Hibernate: insert into pawn_requests (admin_comment,created_at,description,expected_price,image_url,item_name,selling_price,sold,status,user_id,id) values (?,?,?,?,?,?,?,?,?,?,default)
Hibernate: select p1_0.id,p1_0.admin_comment,p1_0.created_at,p1_0.description,p1_0.expected_price,p1_0.image_url,p1_0.item_name,p1_0.selling_price,p1_0.sold,p1_0.status,u1_0.id,u1_0.balance,u1_0.email,u1_0.first_name,u1_0.last_name,u1_0.password,u1_0.role,u1_0.username from pawn_requests p1_0 left join users u1_0 on u1_0.id=p1_0.user_id where p1_0.id=?
Hibernate: select p1_0.id,p1_0.admin_comment,p1_0.created_at,p1_0.description,p1_0.expected_price,p1_0.image_url,p1_0.item_name,p1_0.selling_price,p1_0.sold,p1_0.status,u1_0.id,u1_0.balance,u1_0.email,u1_0.first_name,u1_0.last_name,u1_0.password,u1_0.role,u1_0.username from pawn_requests p1_0 left join users u1_0 on u1_0.id=p1_0.user_id where p1_0.id=?
Hibernate: update pawn_requests set admin_comment=?,created_at=?,description=?,expected_price=?,image_url=?,item_name=?,selling_price=?,sold=?,status=?,user_id=? where id=?
Hibernate: insert into pawn_requests (admin_comment,created_at,description,expected_price,image_url,item_name,selling_price,sold,status,user_id,id) values (?,?,?,?,?,?,?,?,?,?,default)
Hibernate: select p1_0.id,p1_0.admin_comment,p1_0.created_at,p1_0.description,p1_0.expected_price,p1_0.image_url,p1_0.item_name,p1_0.selling_price,p1_0.sold,p1_0.status,u1_0.id,u1_0.balance,u1_0.email,u1_0.first_name,u1_0.last_name,u1_0.password,u1_0.role,u1_0.username from pawn_requests p1_0 left join users u1_0 on u1_0.id=p1_0.user_id where p1_0.id=?
Hibernate: select p1_0.id,p1_0.admin_comment,p1_0.created_at,p1_0.description,p1_0.expected_price,p1_0.image_url,p1_0.item_name,p1_0.selling_price,p1_0.sold,p1_0.status,u1_0.id,u1_0.balance,u1_0.email,u1_0.first_name,u1_0.last_name,u1_0.password,u1_0.role,u1_0.username from pawn_requests p1_0 left join users u1_0 on u1_0.id=p1_0.user_id where p1_0.id=?
Hibernate: update pawn_requests set admin_comment=?,created_at=?,description=?,expected_price=?,image_url=?,item_name=?,selling_price=?,sold=?,status=?,user_id=? where id=?
Hibernate: insert into pawn_requests (admin_comment,created_at,description,expected_price,image_url,item_name,selling_price,sold,status,user_id,id) values (?,?,?,?,?,?,?,?,?,?,default)
Hibernate: select p1_0.id,p1_0.admin_comment,p1_0.created_at,p1_0.description,p1_0.expected_price,p1_0.image_url,p1_0.item_name,p1_0.selling_price,p1_0.sold,p1_0.status,u1_0.id,u1_0.balance,u1_0.email,u1_0.first_name,u1_0.last_name,u1_0.password,u1_0.role,u1_0.username from pawn_requests p1_0 left join users u1_0 on u1_0.id=p1_0.user_id where p1_0.id=?
Hibernate: select p1_0.id,p1_0.admin_comment,p1_0.created_at,p1_0.description,p1_0.expected_price,p1_0.image_url,p1_0.item_name,p1_0.selling_price,p1_0.sold,p1_0.status,u1_0.id,u1_0.balance,u1_0.email,u1_0.first_name,u1_0.last_name,u1_0.password,u1_0.role,u1_0.username from pawn_requests p1_0 left join users u1_0 on u1_0.id=p1_0.user_id where p1_0.id=?
Hibernate: update pawn_requests set admin_comment=?,created_at=?,description=?,expected_price=?,image_url=?,item_name=?,selling_price=?,sold=?,status=?,user_id=? where id=?
Hibernate: insert into pawn_requests (admin_comment,created_at,description,expected_price,image_url,item_name,selling_price,sold,status,user_id,id) values (?,?,?,?,?,?,?,?,?,?,default)
Hibernate: select p1_0.id,p1_0.admin_comment,p1_0.created_at,p1_0.description,p1_0.expected_price,p1_0.image_url,p1_0.item_name,p1_0.selling_price,p1_0.sold,p1_0.status,u1_0.id,u1_0.balance,u1_0.email,u1_0.first_name,u1_0.last_name,u1_0.password,u1_0.role,u1_0.username from pawn_requests p1_0 left join users u1_0 on u1_0.id=p1_0.user_id where p1_0.id=?
Hibernate: select p1_0.id,p1_0.admin_comment,p1_0.created_at,p1_0.description,p1_0.expected_price,p1_0.image_url,p1_0.item_name,p1_0.selling_price,p1_0.sold,p1_0.status,u1_0.id,u1_0.balance,u1_0.email,u1_0.first_name,u1_0.last_name,u1_0.password,u1_0.role,u1_0.username from pawn_requests p1_0 left join users u1_0 on u1_0.id=p1_0.user_id where p1_0.id=?
Hibernate: update pawn_requests set admin_comment=?,created_at=?,description=?,expected_price=?,image_url=?,item_name=?,selling_price=?,sold=?,status=?,user_id=? where id=?
Hibernate: insert into pawn_requests (admin_comment,created_at,description,expected_price,image_url,item_name,selling_price,sold,status,user_id,id) values (?,?,?,?,?,?,?,?,?,?,default)
Hibernate: select p1_0.id,p1_0.admin_comment,p1_0.created_at,p1_0.description,p1_0.expected_price,p1_0.image_url,p1_0.item_name,p1_0.selling_price,p1_0.sold,p1_0.status,u1_0.id,u1_0.balance,u1_0.email,u1_0.first_name,u1_0.last_name,u1_0.password,u1_0.role,u1_0.username from pawn_requests p1_0 left join users u1_0 on u1_0.id=p1_0.user_id where p1_0.id=?
Hibernate: select p1_0.id,p1_0.admin_comment,p1_0.created_at,p1_0.description,p1_0.expected_price,p1_0.image_url,p1_0.item_name,p1_0.selling_price,p1_0.sold,p1_0.status,u1_0.id,u1_0.balance,u1_0.email,u1_0.first_name,u1_0.last_name,u1_0.password,u1_0.role,u1_0.username from pawn_requests p1_0 left join users u1_0 on u1_0.id=p1_0.user_id where p1_0.id=?
Hibernate: update pawn_requests set admin_comment=?,created_at=?,description=?,expected_price=?,image_url=?,item_name=?,selling_price=?,sold=?,status=?,user_id=? where id=?
Hibernate: insert into pawn_requests (admin_comment,created_at,description,expected_price,image_url,item_name,selling_price,sold,status,user_id,id) values (?,?,?,?,?,?,?,?,?,?,default)
Hibernate: select p1_0.id,p1_0.admin_comment,p1_0.created_at,p1_0.description,p1_0.expected_price,p1_0.image_url,p1_0.item_name,p1_0.selling_price,p1_0.sold,p1_0.status,u1_0.id,u1_0.balance,u1_0.email,u1_0.first_name,u1_0.last_name,u1_0.password,u1_0.role,u1_0.username from pawn_requests p1_0 left join users u1_0 on u1_0.id=p1_0.user_id where p1_0.id=?
Hibernate: select p1_0.id,p1_0.admin_comment,p1_0.created_at,p1_0.description,p1_0.expected_price,p1_0.image_url,p1_0.item_name,p1_0.selling_price,p1_0.sold,p1_0.status,u1_0.id,u1_0.balance,u1_0.email,u1_0.first_name,u1_0.last_name,u1_0.password,u1_0.role,u1_0.username from pawn_requests p1_0 left join users u1_0 on u1_0.id=p1_0.user_id where p1_0.id=?
Hibernate: update pawn_requests set admin_comment=?,created_at=?,description=?,expected_price=?,image_url=?,item_name=?,selling_price=?,sold=?,status=?,user_id=? where id=?
Hibernate: insert into pawn_requests (admin_comment,created_at,description,expected_price,image_url,item_name,selling_price,sold,status,user_id,id) values (?,?,?,?,?,?,?,?,?,?,default)
Hibernate: select p1_0.id,p1_0.admin_comment,p1_0.created_at,p1_0.description,p1_0.expected_price,p1_0.image_url,p1_0.item_name,p1_0.selling_price,p1_0.sold,p1_0.status,u1_0.id,u1_0.balance,u1_0.email,u1_0.first_name,u1_0.last_name,u1_0.password,u1_0.role,u1_0.username from pawn_requests p1_0 left join users u1_0 on u1_0.id=p1_0.user_id where p1_0.id=?
Hibernate: select p1_0.id,p1_0.admin_comment,p1_0.created_at,p1_0.description,p1_0.expected_price,p1_0.image_url,p1_0.item_name,p1_0.selling_price,p1_0.sold,p1_0.status,u1_0.id,u1_0.balance,u1_0.email,u1_0.first_name,u1_0.last_name,u1_0.password,u1_0.role,u1_0.username from pawn_requests p1_0 left join users u1_0 on u1_0.id=p1_0.user_id where p1_0.id=?
Hibernate: update pawn_requests set admin_comment=?,created_at=?,description=?,expected_price=?,image_url=?,item_name=?,selling_price=?,sold=?,status=?,user_id=? where id=?
]]></system-out>
  </testcase>
</testsuite>