<?xml version="1.0" encoding="UTF-8"?>
<testsuite xmlns:xsi="http://www.w3.org/2001/XMLSchema-instance" xsi:noNamespaceSchemaLocation="https://maven.apache.org/surefire/maven-surefire-plugin/xsd/surefire-test-report-3.0.xsd" version="3.0" name="com.example.demo.selenium.MainPageTest" time="18.525" tests="2" errors="0" skipped="0" failures="0">
  <properties>
[...]
</properties>
  <testcase name="testMainPageLoads" classname="com.example.demo.selenium.MainPageTest" time="5.471">
    <system-out><![CDATA[16:02:47.465 [main] INFO org.springframework.test.context.support.AnnotationConfigContextLoaderUtils -- Could not detect default configuration classes for test class [com.example.demo.selenium.MainPageTest]: MainPageTest does not declare any static, non-private, non-final, nested classes annotated with @Configuration.
16:02:47.653 [main] INFO org.springframework.boot.test.context.SpringBootTestContextBootstrapper -- Found @SpringBootConfiguration com.example.demo.DemoApplication for test class com.example.demo.selenium.MainPageTest
16:02:48.643 [main] INFO io.github.bonigarcia.wdm.WebDriverManager -- Using chromedriver 133.0.6943.141 (resolved driver for Chrome 133)
16:02:48.697 [main] INFO io.github.bonigarcia.wdm.WebDriverManager -- Exporting webdriver.chrome.driver as C:\Users\az_me\.cache\selenium\chromedriver\win64\133.0.6943.141\chromedriver.exe

  .   ____          _            __ _ _
 /\\ / ___'_ __ _ _(_)_ __  __ _ \ \ \ \
( ( )\___ | '_ | '_| | '_ \/ _` | \ \ \ \
 \\/  ___)| |_)| | | | | || (_| |  ) ) ) )
  '  |____| .__|_| |_|_| |_\__, | / / / /
 =========|_|==============|___/=/_/_/_/
 :: Spring Boot ::                (v3.1.0)

2025-02-26T16:02:49.314+03:00  INFO 39720 --- [           main] com.example.demo.selenium.MainPageTest   : Starting MainPageTest using Java 20.0.2 with PID 39720 (started by az_me in C:\Java\Projects\Lombard)
2025-02-26T16:02:49.323+03:00  INFO 39720 --- [           main] com.example.demo.selenium.MainPageTest   : No active profile set, falling back to 1 default profile: "default"
2025-02-26T16:02:50.481+03:00  INFO 39720 --- [           main] .s.d.r.c.RepositoryConfigurationDelegate : Bootstrapping Spring Data JPA repositories in DEFAULT mode.
2025-02-26T16:02:50.605+03:00  INFO 39720 --- [           main] .s.d.r.c.RepositoryConfigurationDelegate : Finished Spring Data repository scanning in 106 ms. Found 2 JPA repository interfaces.
2025-02-26T16:02:51.739+03:00  INFO 39720 --- [           main] o.s.b.w.embedded.tomcat.TomcatWebServer  : Tomcat initialized with port(s): 0 (http)
2025-02-26T16:02:51.758+03:00  INFO 39720 --- [           main] o.apache.catalina.core.StandardService   : Starting service [Tomcat]
2025-02-26T16:02:51.758+03:00  INFO 39720 --- [           main] o.apache.catalina.core.StandardEngine    : Starting Servlet engine: [Apache Tomcat/10.1.8]
2025-02-26T16:02:51.930+03:00  INFO 39720 --- [           main] o.a.c.c.C.[Tomcat].[localhost].[/]       : Initializing Spring embedded WebApplicationContext
2025-02-26T16:02:51.933+03:00  INFO 39720 --- [           main] w.s.c.ServletWebServerApplicationContext : Root WebApplicationContext: initialization completed in 2556 ms
2025-02-26T16:02:52.001+03:00  INFO 39720 --- [           main] com.zaxxer.hikari.HikariDataSource       : HikariPool-1 - Starting...
2025-02-26T16:02:52.427+03:00  INFO 39720 --- [           main] com.zaxxer.hikari.pool.HikariPool        : HikariPool-1 - Added connection conn0: url=jdbc:h2:mem:testdb user=SA
2025-02-26T16:02:52.439+03:00  INFO 39720 --- [           main] com.zaxxer.hikari.HikariDataSource       : HikariPool-1 - Start completed.
2025-02-26T16:02:52.464+03:00  INFO 39720 --- [           main] o.s.b.a.h2.H2ConsoleAutoConfiguration    : H2 console available at '/h2-console'. Database available at 'jdbc:h2:mem:testdb'
2025-02-26T16:02:52.829+03:00  INFO 39720 --- [           main] o.hibernate.jpa.internal.util.LogHelper  : HHH000204: Processing PersistenceUnitInfo [name: default]
2025-02-26T16:02:52.959+03:00  INFO 39720 --- [           main] org.hibernate.Version                    : HHH000412: Hibernate ORM core version 6.2.2.Final
2025-02-26T16:02:52.965+03:00  INFO 39720 --- [           main] org.hibernate.cfg.Environment            : HHH000406: Using bytecode reflection optimizer
2025-02-26T16:02:53.301+03:00  INFO 39720 --- [           main] o.h.b.i.BytecodeProviderInitiator        : HHH000021: Bytecode provider name : bytebuddy
2025-02-26T16:02:53.596+03:00  INFO 39720 --- [           main] o.s.o.j.p.SpringPersistenceUnitInfo      : No LoadTimeWeaver setup: ignoring JPA class transformer
2025-02-26T16:02:53.659+03:00  INFO 39720 --- [           main] org.hibernate.orm.dialect                : HHH035001: Using dialect: org.hibernate.dialect.H2Dialect, version: 2.1.214
2025-02-26T16:02:54.027+03:00  INFO 39720 --- [           main] o.h.b.i.BytecodeProviderInitiator        : HHH000021: Bytecode provider name : bytebuddy
2025-02-26T16:02:54.920+03:00  INFO 39720 --- [           main] o.h.e.t.j.p.i.JtaPlatformInitiator       : HHH000490: Using JtaPlatform implementation: [org.hibernate.engine.transaction.jta.platform.internal.NoJtaPlatform]
Hibernate: drop table if exists pawn_requests cascade 
Hibernate: drop table if exists users cascade 
Hibernate: create table pawn_requests (expected_price float(53), selling_price float(53), sold boolean, created_at timestamp(6), id bigint generated by default as identity, user_id bigint, image_url varchar(1000), admin_comment varchar(255), description varchar(255), item_name varchar(255), status varchar(255), primary key (id))
Hibernate: create table users (balance float(53) not null, id bigint generated by default as identity, email varchar(255), first_name varchar(255), last_name varchar(255), password varchar(255), role varchar(255), username varchar(255), primary key (id))
Hibernate: alter table if exists pawn_requests add constraint FKlkc0ohmarpv39mjx34j08o27p foreign key (user_id) references users
2025-02-26T16:02:54.997+03:00  INFO 39720 --- [           main] o.h.t.s.i.e.GenerationTargetToDatabase   : HHH000476: Executing script '[injected ScriptSourceInputNonExistentImpl script]'
2025-02-26T16:02:55.002+03:00  INFO 39720 --- [           main] j.LocalContainerEntityManagerFactoryBean : Initialized JPA EntityManagerFactory for persistence unit 'default'
2025-02-26T16:02:55.766+03:00  WARN 39720 --- [           main] JpaBaseConfiguration$JpaWebConfiguration : spring.jpa.open-in-view is enabled by default. Therefore, database queries may be performed during view rendering. Explicitly configure spring.jpa.open-in-view to disable this warning
2025-02-26T16:02:56.721+03:00  INFO 39720 --- [           main] o.s.b.w.embedded.tomcat.TomcatWebServer  : Tomcat started on port(s): 53915 (http) with context path ''
2025-02-26T16:02:56.741+03:00  INFO 39720 --- [           main] com.example.demo.selenium.MainPageTest   : Started MainPageTest in 7.963 seconds (process running for 10.548)
Hibernate: select u1_0.id,u1_0.balance,u1_0.email,u1_0.first_name,u1_0.last_name,u1_0.password,u1_0.role,u1_0.username from users u1_0 where u1_0.username=?
Hibernate: select u1_0.id,u1_0.balance,u1_0.email,u1_0.first_name,u1_0.last_name,u1_0.password,u1_0.role,u1_0.username from users u1_0 where u1_0.username=?
Hibernate: select u1_0.id,u1_0.balance,u1_0.email,u1_0.first_name,u1_0.last_name,u1_0.password,u1_0.role,u1_0.username from users u1_0 where u1_0.username=?
Hibernate: select p1_0.id,p1_0.admin_comment,p1_0.created_at,p1_0.description,p1_0.expected_price,p1_0.image_url,p1_0.item_name,p1_0.selling_price,p1_0.sold,p1_0.status,p1_0.user_id from pawn_requests p1_0 where p1_0.status=? order by p1_0.created_at desc
Hibernate: insert into pawn_requests (admin_comment,created_at,description,expected_price,image_url,item_name,selling_price,sold,status,user_id,id) values (?,?,?,?,?,?,?,?,?,?,default)
Hibernate: select p1_0.id,p1_0.admin_comment,p1_0.created_at,p1_0.description,p1_0.expected_price,p1_0.image_url,p1_0.item_name,p1_0.selling_price,p1_0.sold,p1_0.status,u1_0.id,u1_0.balance,u1_0.email,u1_0.first_name,u1_0.last_name,u1_0.password,u1_0.role,u1_0.username from pawn_requests p1_0 left join users u1_0 on u1_0.id=p1_0.user_id where p1_0.id=?
Hibernate: select p1_0.id,p1_0.admin_comment,p1_0.created_at,p1_0.description,p1_0.expected_price,p1_0.image_url,p1_0.item_name,p1_0.selling_price,p1_0.sold,p1_0.status,u1_0.id,u1_0.balance,u1_0.email,u1_0.first_name,u1_0.last_name,u1_0.password,u1_0.role,u1_0.username from pawn_requests p1_0 left join users u1_0 on u1_0.id=p1_0.user_id where p1_0.id=?
Hibernate: update pawn_requests set admin_comment=?,created_at=?,description=?,expected_price=?,image_url=?,item_name=?,selling_price=?,sold=?,status=?,user_id=? where id=?
Hibernate: insert into pawn_requests (admin_comment,created_at,description,expected_price,image_url,item_name,selling_price,sold,status,user_id,id) values (?,?,?,?,?,?,?,?,?,?,default)
Hibernate: select p1_0.id,p1_0.admin_comment,p1_0.created_at,p1_0.description,p1_0.expected_price,p1_0.image_url,p1_0.item_name,p1_0.selling_price,p1_0.sold,p1_0.status,u1_0.id,u1_0.balance,u1_0.email,u1_0.first_name,u1_0.last_name,u1_0.password,u1_0.role,u1_0.username from pawn_requests p1_0 left join users u1_0 on u1_0.id=p1_0.user_id where p1_0.id=?
Hibernate: select p1_0.id,p1_0.admin_comment,p1_0.created_at,p1_0.description,p1_0.expected_price,p1_0.image_url,p1_0.item_name,p1_0.selling_price,p1_0.sold,p1_0.status,u1_0.id,u1_0.balance,u1_0.email,u1_0.first_name,u1_0.last_name,u1_0.password,u1_0.role,u1_0.username from pawn_requests p1_0 left join users u1_0 on u1_0.id=p1_0.user_id where p1_0.id=?
Hibernate: update pawn_requests set admin_comment=?,created_at=?,description=?,expected_price=?,image_url=?,item_name=?,selling_price=?,sold=?,status=?,user_id=? where id=?
Hibernate: insert into pawn_requests (admin_comment,created_at,description,expected_price,image_url,item_name,selling_price,sold,status,user_id,id) values (?,?,?,?,?,?,?,?,?,?,default)
Hibernate: select p1_0.id,p1_0.admin_comment,p1_0.created_at,p1_0.description,p1_0.expected_price,p1_0.image_url,p1_0.item_name,p1_0.selling_price,p1_0.sold,p1_0.status,u1_0.id,u1_0.balance,u1_0.email,u1_0.first_name,u1_0.last_name,u1_0.password,u1_0.role,u1_0.username from pawn_requests p1_0 left join users u1_0 on u1_0.id=p1_0.user_id where p1_0.id=?
Hibernate: select p1_0.id,p1_0.admin_comment,p1_0.created_at,p1_0.description,p1_0.expected_price,p1_0.image_url,p1_0.item_name,p1_0.selling_price,p1_0.sold,p1_0.status,u1_0.id,u1_0.balance,u1_0.email,u1_0.first_name,u1_0.last_name,u1_0.password,u1_0.role,u1_0.username from pawn_requests p1_0 left join users u1_0 on u1_0.id=p1_0.user_id where p1_0.id=?
Hibernate: update pawn_requests set admin_comment=?,created_at=?,description=?,expected_price=?,image_url=?,item_name=?,selling_price=?,sold=?,status=?,user_id=? where id=?
Hibernate: insert into pawn_requests (admin_comment,created_at,description,expected_price,image_url,item_name,selling_price,sold,status,user_id,id) values (?,?,?,?,?,?,?,?,?,?,default)
Hibernate: select p1_0.id,p1_0.admin_comment,p1_0.created_at,p1_0.description,p1_0.expected_price,p1_0.image_url,p1_0.item_name,p1_0.selling_price,p1_0.sold,p1_0.status,u1_0.id,u1_0.balance,u1_0.email,u1_0.first_name,u1_0.last_name,u1_0.password,u1_0.role,u1_0.username from pawn_requests p1_0 left join users u1_0 on u1_0.id=p1_0.user_id where p1_0.id=?
Hibernate: select p1_0.id,p1_0.admin_comment,p1_0.created_at,p1_0.description,p1_0.expected_price,p1_0.image_url,p1_0.item_name,p1_0.selling_price,p1_0.sold,p1_0.status,u1_0.id,u1_0.balance,u1_0.email,u1_0.first_name,u1_0.last_name,u1_0.password,u1_0.role,u1_0.username from pawn_requests p1_0 left join users u1_0 on u1_0.id=p1_0.user_id where p1_0.id=?
Hibernate: update pawn_requests set admin_comment=?,created_at=?,description=?,expected_price=?,image_url=?,item_name=?,selling_price=?,sold=?,status=?,user_id=? where id=?
Hibernate: insert into pawn_requests (admin_comment,created_at,description,expected_price,image_url,item_name,selling_price,sold,status,user_id,id) values (?,?,?,?,?,?,?,?,?,?,default)
Hibernate: select p1_0.id,p1_0.admin_comment,p1_0.created_at,p1_0.description,p1_0.expected_price,p1_0.image_url,p1_0.item_name,p1_0.selling_price,p1_0.sold,p1_0.status,u1_0.id,u1_0.balance,u1_0.email,u1_0.first_name,u1_0.last_name,u1_0.password,u1_0.role,u1_0.username from pawn_requests p1_0 left join users u1_0 on u1_0.id=p1_0.user_id where p1_0.id=?
Hibernate: select p1_0.id,p1_0.admin_comment,p1_0.created_at,p1_0.description,p1_0.expected_price,p1_0.image_url,p1_0.item_name,p1_0.selling_price,p1_0.sold,p1_0.status,u1_0.id,u1_0.balance,u1_0.email,u1_0.first_name,u1_0.last_name,u1_0.password,u1_0.role,u1_0.username from pawn_requests p1_0 left join users u1_0 on u1_0.id=p1_0.user_id where p1_0.id=?
Hibernate: update pawn_requests set admin_comment=?,created_at=?,description=?,expected_price=?,image_url=?,item_name=?,selling_price=?,sold=?,status=?,user_id=? where id=?
Hibernate: insert into pawn_requests (admin_comment,created_at,description,expected_price,image_url,item_name,selling_price,sold,status,user_id,id) values (?,?,?,?,?,?,?,?,?,?,default)
Hibernate: select p1_0.id,p1_0.admin_comment,p1_0.created_at,p1_0.description,p1_0.expected_price,p1_0.image_url,p1_0.item_name,p1_0.selling_price,p1_0.sold,p1_0.status,u1_0.id,u1_0.balance,u1_0.email,u1_0.first_name,u1_0.last_name,u1_0.password,u1_0.role,u1_0.username from pawn_requests p1_0 left join users u1_0 on u1_0.id=p1_0.user_id where p1_0.id=?
Hibernate: select p1_0.id,p1_0.admin_comment,p1_0.created_at,p1_0.description,p1_0.expected_price,p1_0.image_url,p1_0.item_name,p1_0.selling_price,p1_0.sold,p1_0.status,u1_0.id,u1_0.balance,u1_0.email,u1_0.first_name,u1_0.last_name,u1_0.password,u1_0.role,u1_0.username from pawn_requests p1_0 left join users u1_0 on u1_0.id=p1_0.user_id where p1_0.id=?
Hibernate: update pawn_requests set admin_comment=?,created_at=?,description=?,expected_price=?,image_url=?,item_name=?,selling_price=?,sold=?,status=?,user_id=? where id=?
Hibernate: insert into pawn_requests (admin_comment,created_at,description,expected_price,image_url,item_name,selling_price,sold,status,user_id,id) values (?,?,?,?,?,?,?,?,?,?,default)
Hibernate: select p1_0.id,p1_0.admin_comment,p1_0.created_at,p1_0.description,p1_0.expected_price,p1_0.image_url,p1_0.item_name,p1_0.selling_price,p1_0.sold,p1_0.status,u1_0.id,u1_0.balance,u1_0.email,u1_0.first_name,u1_0.last_name,u1_0.password,u1_0.role,u1_0.username from pawn_requests p1_0 left join users u1_0 on u1_0.id=p1_0.user_id where p1_0.id=?
Hibernate: select p1_0.id,p1_0.admin_comment,p1_0.created_at,p1_0.description,p1_0.expected_price,p1_0.image_url,p1_0.item_name,p1_0.selling_price,p1_0.sold,p1_0.status,u1_0.id,u1_0.balance,u1_0.email,u1_0.first_name,u1_0.last_name,u1_0.password,u1_0.role,u1_0.username from pawn_requests p1_0 left join users u1_0 on u1_0.id=p1_0.user_id where p1_0.id=?
Hibernate: update pawn_requests set admin_comment=?,created_at=?,description=?,expected_price=?,image_url=?,item_name=?,selling_price=?,sold=?,status=?,user_id=? where id=?
Hibernate: insert into pawn_requests (admin_comment,created_at,description,expected_price,image_url,item_name,selling_price,sold,status,user_id,id) values (?,?,?,?,?,?,?,?,?,?,default)
Hibernate: select p1_0.id,p1_0.admin_comment,p1_0.created_at,p1_0.description,p1_0.expected_price,p1_0.image_url,p1_0.item_name,p1_0.selling_price,p1_0.sold,p1_0.status,u1_0.id,u1_0.balance,u1_0.email,u1_0.first_name,u1_0.last_name,u1_0.password,u1_0.role,u1_0.username from pawn_requests p1_0 left join users u1_0 on u1_0.id=p1_0.user_id where p1_0.id=?
Hibernate: select p1_0.id,p1_0.admin_comment,p1_0.created_at,p1_0.description,p1_0.expected_price,p1_0.image_url,p1_0.item_name,p1_0.selling_price,p1_0.sold,p1_0.status,u1_0.id,u1_0.balance,u1_0.email,u1_0.first_name,u1_0.last_name,u1_0.password,u1_0.role,u1_0.username from pawn_requests p1_0 left join users u1_0 on u1_0.id=p1_0.user_id where p1_0.id=?
Hibernate: update pawn_requests set admin_comment=?,created_at=?,description=?,expected_price=?,image_url=?,item_name=?,selling_price=?,sold=?,status=?,user_id=? where id=?
2025-02-26T16:03:00.135+03:00  WARN 39720 --- [           main] o.o.selenium.devtools.CdpVersionFinder   : Unable to find CDP implementation matching 133
2025-02-26T16:03:00.139+03:00  WARN 39720 --- [           main] o.o.selenium.chromium.ChromiumDriver     : Unable to find version of CDP to use for . You may need to include a dependency on a specific version of the CDP using something similar to `org.seleniumhq.selenium:selenium-devtools-v86:4.8.3` where the version ("v86") matches the version of the chromium-based browser you're using and the version number of the artifact is the same as Selenium's.
2025-02-26T16:03:00.344+03:00  INFO 39720 --- [o-auto-1-exec-1] o.a.c.c.C.[Tomcat].[localhost].[/]       : Initializing Spring DispatcherServlet 'dispatcherServlet'
2025-02-26T16:03:00.344+03:00  INFO 39720 --- [o-auto-1-exec-1] o.s.web.servlet.DispatcherServlet        : Initializing Servlet 'dispatcherServlet'
2025-02-26T16:03:00.346+03:00  INFO 39720 --- [o-auto-1-exec-1] o.s.web.servlet.DispatcherServlet        : Completed initialization in 2 ms
Page source: <html><head>
    <title>Домашняя страница</title>
    <link href="https://cdn.jsdelivr.net/npm/bootstrap@5.3.0/dist/css/bootstrap.min.css" rel="stylesheet">
    <link rel="stylesheet" href="https://cdn.jsdelivr.net/npm/bootstrap-icons@1.7.2/font/bootstrap-icons.css">
    <style>
        :root {
            --primary-color: #2e7d32;
            --accent-color: #43a047;
            --bg-light: #f1f8e9;
            --hover-color: #66bb6a;
        }

        body {
            font-family: 'Segoe UI', Tahoma, Geneva, Verdana, sans-serif;
            background-color: var(--bg-light);
        }

        .custom-navbar {
            background-color: var(--primary-color) !important;
            box-shadow: 0 2px 4px rgba(0,0,0,0.1);
        }

        .navbar-brand {
            font-weight: 600;
            font-size: 1.5rem;
            color: white !important;
        }

        .nav-link {
            color: rgba(255,255,255,0.9) !important;
            transition: all 0.3s ease;
        }

        .nav-link:hover {
            color: var(--accent-color) !important;
            transform: translateY(-2px);
        }

        .hero-section {
            padding: 100px 0 120px;
            background: linear-gradient(135deg, var(--primary-color), var(--accent-color));
            color: white;
            clip-path: polygon(0 0, 100% 0, 100% 90%, 0 100%);
            margin-bottom: 3rem;
        }

        .hero-title {
            font-size: 3.5rem;
            font-weight: 700;
            margin-bottom: 1.5rem;
            text-shadow: 2px 2px 4px rgba(0,0,0,0.2);
        }

        .hero-text {
            font-size: 1.2rem;
            margin-bottom: 2rem;
        }

        .btn-register, .btn-login {
            background-color: var(--accent-color);
            border: none;
            padding: 15px 40px;
            font-size: 1.1rem;
            border-radius: 30px;
            transition: all 0.3s ease;
            box-shadow: 0 4px 15px rgba(67, 160, 71, 0.3);
            margin: 0 10px;
        }

        .btn-login {
            background-color: transparent;
            border: 2px solid white;
        }

        .btn-register:hover, .btn-login:hover {
            background-color: var(--hover-color);
            transform: translateY(-3px);
            box-shadow: 0 6px 20px rgba(67, 160, 71, 0.4);
        }

        .btn-login:hover {
            background-color: white;
            color: var(--primary-color) !important;
        }

        .feature-card {
            background: white;
            padding: 2rem;
            border-radius: 15px;
            margin-top: 0;
            box-shadow: 0 10px 30px rgba(0,0,0,0.1);
            transition: all 0.3s ease;
            border-top: 4px solid var(--accent-color);
            height: 100%;
        }

        .feature-card:hover {
            transform: translateY(-10px);
            box-shadow: 0 15px 40px rgba(0,0,0,0.15);
        }

        .feature-card h3 {
            color: var(--primary-color);
            font-weight: 600;
            margin-bottom: 1rem;
        }

        .feature-card p {
            color: #666;
            line-height: 1.6;
        }

        .main-content {
            margin-top: 2rem;
            padding-bottom: 4rem;
        }

        .content-row {
            margin-bottom: 3rem;
        }

        .social-links a {
            color: var(--primary-color);
            text-decoration: none;
            font-weight: 500;
            transition: all 0.3s ease;
        }

        .social-links a:hover {
            color: var(--accent-color);
        }

        .team-members p {
            margin-bottom: 0.5rem;
        }

        footer a {
            text-decoration: none;
        }

        footer a:hover {
            color: var(--accent-color) !important;
        }

        .list-unstyled li {
            margin-bottom: 0.5rem;
            color: #444;
        }

        .profile-info {
            padding: 1rem;
        }
        
        .profile-info p {
            margin-bottom: 0.5rem;
            color: #333;
        }
        
        .profile-info strong {
            color: var(--primary-color);
            min-width: 120px;
            display: inline-block;
        }
        
        .modal-content {
            border-top: 4px solid var(--accent-color);
        }
        
        .modal-header {
            background-color: var(--bg-light);
        }
        
        .modal-title {
            color: var(--primary-color);
            font-weight: 600;
        }

        .action-buttons {
            margin-top: 2rem;
            display: flex;
            gap: 1rem;
            justify-content: center;
        }

        .action-card {
            background: white;
            padding: 1.5rem;
            border-radius: 10px;
            box-shadow: 0 4px 15px rgba(0,0,0,0.1);
            text-align: center;
            transition: transform 0.3s ease;
        }

        .action-card:hover {
            transform: translateY(-5px);
        }

        .action-icon {
            font-size: 2rem;
            color: var(--primary-color);
            margin-bottom: 1rem;
        }
    </style>
</head>
<body>
    <nav class="navbar navbar-expand-lg custom-navbar">
        <div class="container">
            <a class="navbar-brand" href="/">Главная</a>
            <div class="navbar-nav ms-auto">
                
                <div class="d-flex">
                    <a class="nav-link me-3" href="/login">Вход</a>
                    <a class="nav-link" href="/register">Регистрация</a>
                </div>
            </div>
        </div>
    </nav>

    <div class="hero-section">
        <div class="container">
            <div class="row">
                <div class="col-md-8 offset-md-2 text-center">
                    <h1 class="hero-title">Добро пожаловать</h1>
                    
                    <div>
                        <p class="hero-text">Присоединяйтесь к нам прямо сейчас</p>
                        <div class="d-flex justify-content-center">
                            <a href="/login" class="btn btn-primary me-3">Войти</a>
                            <a href="/register" class="btn btn-success">Зарегистрироваться</a>
                        </div>
                    </div>
                </div>
            </div>
        </div>
    </div>

    

    <div class="container main-content">
        <div class="row content-row">
            <div class="col-md-4">
                <div class="feature-card">
                    <h3>Простая регистрация</h3>
                    <p>Быстрый процесс регистрации займет всего несколько минут. Мы ценим ваше время и сделали процесс максимально удобным.</p>
                </div>
            </div>
            <div class="col-md-4">
                <div class="feature-card">
                    <h3>Безопасность</h3>
                    <p>Используем современные методы шифрования и защиты данных. Ваша информация под надежной защитой.</p>
                </div>
            </div>
            <div class="col-md-4">
                <div class="feature-card">
                    <h3>Поддержка 24/7</h3>
                    <p>Наша команда поддержки всегда готова помочь вам решить любые вопросы в любое время дня и ночи.</p>
                </div>
            </div>
        </div>

        <div class="row content-row">
            <div class="col-md-6">
                <div class="feature-card">
                    <h3>О нас</h3>
                    <p>Мы - команда профессионалов с более чем 10-летним опытом работы. Наша миссия - предоставить вам самый удобный и безопасный сервис.</p>
                    <ul class="list-unstyled">
                        <li>✓ Более 10,000 довольных клиентов</li>
                        <li>✓ 98% положительных отзывов</li>
                        <li>✓ Награда "Лучший сервис 2024 года"</li>
                    </ul>
                </div>
            </div>
            <div class="col-md-6">
                <div class="feature-card">
                    <h3>Наша команда</h3>
                    <div class="team-members">
                        <p><strong>Зориков Антон</strong> - Генеральный директор</p>
                        <p><strong>Виктория Щепкиа</strong> - Руководитель службы поддержки</p>
                        <p><strong>Ирина Безгодкова</strong> - Главный секретарь</p>
                        <p><strong>Матвей Лейко</strong> - Глава службы вымогания</p>
                    </div>
                </div>
            </div>
        </div>

        <div class="row content-row">
            <div class="col-md-4">
                <div class="feature-card">
                    <h3>Контакты</h3>
                    <p><i class="bi bi-geo-alt"></i> Адрес: г. Москва, ул. Пушкина, д. 10</p>
                    <p><i class="bi bi-telephone"></i> Телефон: +7 (495) 123-45-67</p>
                    <p><i class="bi bi-envelope"></i> Email: info@example.com</p>
                </div>
            </div>
            <div class="col-md-4">
                <div class="feature-card">
                    <h3>Режим работы</h3>
                    <p>Понедельник - Пятница: 9:00 - 20:00</p>
                    <p>Суббота: 10:00 - 18:00</p>
                    <p>Воскресенье: выходной</p>
                </div>
            </div>
            <div class="col-md-4">
                <div class="feature-card">
                    <h3>Социальные сети</h3>
                    <p>Следите за нами в социальных сетях:</p>
                    <div class="social-links">
                        <a href="#" class="me-3">Telegram</a>
                        <a href="#" class="me-3">VK</a>
                        <a href="#">WhatsApp</a>
                    </div>
                </div>
            </div>
        </div>
    </div>

    <footer class="bg-dark text-light py-4 mt-5">
        <div class="container">
            <div class="row">
                <div class="col-md-6">
                    <p>© 2024 Все права защищены</p>
                </div>
                <div class="col-md-6 text-end">
                    <a href="#" class="text-light me-3">Политика конфиденциальности</a>
                    <a href="#" class="text-light">Условия использования</a>
                </div>
            </div>
        </div>
    </footer>

    

    <script src="https://cdn.jsdelivr.net/npm/bootstrap@5.3.0/dist/js/bootstrap.bundle.min.js"></script>

 </body></html>
]]></system-out>
    <system-err><![CDATA[Starting ChromeDriver 133.0.6943.141 (2a5d6da0d6165d7b107502095a937fe7704fcef6-refs/branch-heads/6943@{#1912}) on port 2325
Only local connections are allowed.
Please see https://chromedriver.chromium.org/security-considerations for suggestions on keeping ChromeDriver safe.
ChromeDriver was started successfully on port 2325.
]]></system-err>
  </testcase>
  <testcase name="testNavigationLinks" classname="com.example.demo.selenium.MainPageTest" time="2.867">
    <system-out><![CDATA[2025-02-26T16:03:03.768+03:00  WARN 39720 --- [           main] o.o.selenium.devtools.CdpVersionFinder   : Unable to find CDP implementation matching 133
2025-02-26T16:03:03.768+03:00  WARN 39720 --- [           main] o.o.selenium.chromium.ChromiumDriver     : Unable to find version of CDP to use for . You may need to include a dependency on a specific version of the CDP using something similar to `org.seleniumhq.selenium:selenium-devtools-v86:4.8.3` where the version ("v86") matches the version of the chromium-based browser you're using and the version number of the artifact is the same as Selenium's.
]]></system-out>
    <system-err><![CDATA[Starting ChromeDriver 133.0.6943.141 (2a5d6da0d6165d7b107502095a937fe7704fcef6-refs/branch-heads/6943@{#1912}) on port 35528
Only local connections are allowed.
Please see https://chromedriver.chromium.org/security-considerations for suggestions on keeping ChromeDriver safe.
ChromeDriver was started successfully on port 35528.
]]></system-err>
  </testcase>
</testsuite>